\BOOKMARK [0][-]{chapter*.2}{R\351sum\351}{}% 1
\BOOKMARK [0][-]{chapter*.4}{Liste des illustrations}{}% 2
\BOOKMARK [0][-]{chapter*.5}{Liste des tableaux}{}% 3
\BOOKMARK [0][-]{chapter*.6}{Introduction}{}% 4
\BOOKMARK [0][-]{chapter.1}{Chapitre 1 : Donn\351es ATLAS}{}% 5
\BOOKMARK [1][-]{section.1.1}{Arr\352ts}{chapter.1}% 6
\BOOKMARK [1][-]{section.1.2}{GTFS}{chapter.1}% 7
\BOOKMARK [2][-]{subsection.1.2.1}{Description des fichiers}{section.1.2}% 8
\BOOKMARK [2][-]{subsection.1.2.2}{Cl\351s d\220identification, normalisation et jointure}{section.1.2}% 9
\BOOKMARK [2][-]{subsection.1.2.3}{R\351sultats}{section.1.2}% 10
\BOOKMARK [1][-]{section.1.3}{HRDF}{chapter.1}% 11
\BOOKMARK [2][-]{subsection.1.3.1}{Comment nous le lisons}{section.1.3}% 12
\BOOKMARK [2][-]{subsection.1.3.2}{Informations exploit\351es}{section.1.3}% 13
\BOOKMARK [2][-]{subsection.1.3.3}{Statistiques cl\351s}{section.1.3}% 14
\BOOKMARK [1][-]{section.1.4}{Comparaison GTFS et HRDF \(couverture SLOID\)}{chapter.1}% 15
\BOOKMARK [0][-]{chapter.2}{Chapitre 2 : Transport public dans OSM}{}% 16
\BOOKMARK [1][-]{section.2.1}{Sch\351mas de cartographie du transport public dans OSM}{chapter.2}% 17
\BOOKMARK [1][-]{section.2.2}{Diff\351rences dans l\220usage de cl\351s sp\351cifiques}{chapter.2}% 18
\BOOKMARK [1][-]{section.2.3}{Requ\352te Overpass transport public \204 Suisse}{chapter.2}% 19
\BOOKMARK [1][-]{section.2.4}{Aper\347u des balises \(tags\) des n\234uds OSM en Suisse}{chapter.2}% 20
\BOOKMARK [1][-]{section.2.5}{Aper\347u des itin\351raires de transport public dans OSM en Suisse}{chapter.2}% 21
\BOOKMARK [2][-]{subsection.2.5.1}{Les 5 n\234uds de transport public les plus \253 connect\351s \273}{section.2.5}% 22
\BOOKMARK [2][-]{subsection.2.5.2}{Analyse des directions des itin\351raires}{section.2.5}% 23
\BOOKMARK [2][-]{subsection.2.5.3}{Top 5 des itin\351raires avec le plus d\220arr\352ts}{section.2.5}% 24
\BOOKMARK [0][-]{chapter.3}{Chapitre 3 : Correspondance avec les donn\351es ATLAS-OSM}{}% 25
\BOOKMARK [1][-]{section.3.1}{Approche m\351thodologique g\351n\351rale}{chapter.3}% 26
\BOOKMARK [1][-]{section.3.2}{Correspondance Exacte}{chapter.3}% 27
\BOOKMARK [1][-]{section.3.3}{Correspondance par Nom}{chapter.3}% 28
\BOOKMARK [1][-]{section.3.4}{Correspondance par Distance}{chapter.3}% 29
\BOOKMARK [2][-]{subsection.3.4.1}{\311tape 1 : Correspondance de groupe bas\351e sur la proximit\351}{section.3.4}% 30
\BOOKMARK [2][-]{subsection.3.4.2}{\311tape 2 : Correspondance par r\351f\351rence locale dans un rayon de 50 m\350tres}{section.3.4}% 31
\BOOKMARK [2][-]{subsection.3.4.3}{\311tape 3 : Correspondance bas\351e sur la proximit\351 avec crit\350res relatifs}{section.3.4}% 32
\BOOKMARK [1][-]{section.3.5}{Consolidation Post-traitement}{chapter.3}% 33
\BOOKMARK [1][-]{section.3.6}{Propagation des Duplicatas}{chapter.3}% 34
\BOOKMARK [1][-]{section.3.7}{Correspondance Manuelle}{chapter.3}% 35
\BOOKMARK [1][-]{section.3.8}{R\351sultats actuels}{chapter.3}% 36
\BOOKMARK [0][-]{chapter.4}{Chapitre 4 : Lignes et appariement par lignes}{}% 37
\BOOKMARK [1][-]{section.4.1}{Des flux bruts \340 un fichier unique de lignes}{chapter.4}% 38
\BOOKMARK [2][-]{subsection.4.1.1}{Ce qu'est atlas\137routes\137unified.csv}{section.4.1}% 39
\BOOKMARK [2][-]{subsection.4.1.2}{Comment on le g\351n\350re \(vue d'ensemble\)}{section.4.1}% 40
\BOOKMARK [1][-]{section.4.2}{Ce que disent les donn\351es unifi\351es}{chapter.4}% 41
\BOOKMARK [1][-]{section.4.3}{Gen\350ve : vues cartographiques}{chapter.4}% 42
\BOOKMARK [1][-]{section.4.4}{D'autres vues utiles}{chapter.4}% 43
\BOOKMARK [1][-]{section.4.5}{Appariement par lignes : comment \347a marche}{chapter.4}% 44
\BOOKMARK [2][-]{subsection.4.5.1}{Candidats par distance}{section.4.5}% 45
\BOOKMARK [2][-]{subsection.4.5.2}{Param\350tres}{section.4.5}% 46
\BOOKMARK [1][-]{section.4.6}{Appariement par lignes : les chiffres}{chapter.4}% 47
\BOOKMARK [2][-]{subsection.4.6.1}{Efficacit\351 de l'appariement par lignes : une analyse compl\350te}{section.4.6}% 48
\BOOKMARK [1][-]{section.4.7}{Scripts utilis\351s dans ce chapitre}{chapter.4}% 49
\BOOKMARK [1][-]{section.4.8}{Bilan et perspectives}{chapter.4}% 50
\BOOKMARK [0][-]{chapter.5}{Chapitre 5 : Analyse des r\351sultats}{}% 51
\BOOKMARK [1][-]{section.5.1}{Comment nous avons calcul\351 les statistiques}{chapter.5}% 52
\BOOKMARK [1][-]{section.5.2}{Distribution des distances par m\351thode}{chapter.5}% 53
\BOOKMARK [1][-]{section.5.3}{Par op\351rateur: o\371 est-ce le plus pr\351cis ?}{chapter.5}% 54
\BOOKMARK [1][-]{section.5.4}{Les non-match\351s et leurs \253 alter ego \273 proches}{chapter.5}% 55
\BOOKMARK [1][-]{section.5.5}{Autres statistiques utiles}{chapter.5}% 56
\BOOKMARK [1][-]{section.5.6}{Mini recettes reproductibles}{chapter.5}% 57
\BOOKMARK [1][-]{section.5.7}{R\351flexions et pistes d'am\351lioration}{chapter.5}% 58
\BOOKMARK [0][-]{chapter.6}{Chapitre 6 : D\351tection des probl\350mes}{}% 59
\BOOKMARK [1][-]{section.6.1}{Ce que nous d\351tectons \(types de probl\350mes\)}{chapter.6}% 60
\BOOKMARK [1][-]{section.6.2}{Pourquoi prioriser}{chapter.6}% 61
\BOOKMARK [1][-]{section.6.3}{Comment les priorit\351s sont attribu\351es}{chapter.6}% 62
\BOOKMARK [2][-]{subsection.6.3.1}{Priorit\351s pour la distance}{section.6.3}% 63
\BOOKMARK [2][-]{subsection.6.3.2}{Priorit\351s pour les non-appariements}{section.6.3}% 64
\BOOKMARK [2][-]{subsection.6.3.3}{Priorit\351s pour les attributs}{section.6.3}% 65
\BOOKMARK [1][-]{section.6.4}{Ce que cela donne dans l'application web}{chapter.6}% 66
\BOOKMARK [1][-]{section.6.5}{Chiffres de la derni\350re ex\351cution}{chapter.6}% 67
\BOOKMARK [1][-]{section.6.6}{Persistance et flux de travail}{chapter.6}% 68
\BOOKMARK [1][-]{section.6.7}{Le mod\350le mental d'un r\351viseur}{chapter.6}% 69
\BOOKMARK [1][-]{section.6.8}{R\351flexion et prochaines \351tapes}{chapter.6}% 70
\BOOKMARK [0][-]{chapter.7}{Chapitre 7 : Base de donn\351es et donn\351es persistantes}{}% 71
\BOOKMARK [1][-]{section.7.1}{Importer les donn\351es: le r\364le de import\137data\137db.py}{chapter.7}% 72
\BOOKMARK [1][-]{section.7.2}{Sch\351ma logique: les tables qui comptent}{chapter.7}% 73
\BOOKMARK [1][-]{section.7.3}{Pros et cons du sch\351ma vis-\340-vis du rendu cartographique}{chapter.7}% 74
\BOOKMARK [1][-]{section.7.4}{Donn\351es persistantes: comment elles survivent aux r\351-imports}{chapter.7}% 75
\BOOKMARK [1][-]{section.7.5}{Performance: pourquoi \347a d\351file vite sur la carte}{chapter.7}% 76
\BOOKMARK [0][-]{chapter.8}{Chapitre 8 : Backend}{}% 77
\BOOKMARK [1][-]{section.8.1}{Architecture g\351n\351rale}{chapter.8}% 78
\BOOKMARK [1][-]{section.8.2}{Blueprints et endpoints}{chapter.8}% 79
\BOOKMARK [2][-]{subsection.8.2.1}{Donn\351es: /api/data}{section.8.2}% 80
\BOOKMARK [2][-]{subsection.8.2.2}{Recherche et matches manuels}{section.8.2}% 81
\BOOKMARK [2][-]{subsection.8.2.3}{Statistiques: /api/global\137stats}{section.8.2}% 82
\BOOKMARK [2][-]{subsection.8.2.4}{Rapports: /api/generate\137report}{section.8.2}% 83
\BOOKMARK [2][-]{subsection.8.2.5}{Probl\350mes et persistance}{section.8.2}% 84
\BOOKMARK [1][-]{section.8.3}{Requ\352tage partag\351 et optimisation}{chapter.8}% 85
\BOOKMARK [1][-]{section.8.4}{Diagrammes de flux}{chapter.8}% 86
\BOOKMARK [1][-]{section.8.5}{Bonnes pratiques et lisibilit\351}{chapter.8}% 87
\BOOKMARK [0][-]{chapter.9}{Chapitre 9 : Frontend}{}% 88
\BOOKMARK [1][-]{section.9.1}{Pages et navigation}{chapter.9}% 89
\BOOKMARK [1][-]{section.9.2}{Carte interactive \(Index\)}{chapter.9}% 90
\BOOKMARK [2][-]{subsection.9.2.1}{Cycle de vie des requ\352tes}{section.9.2}% 91
\BOOKMARK [2][-]{subsection.9.2.2}{Rendu des marqueurs et des lignes}{section.9.2}% 92
\BOOKMARK [2][-]{subsection.9.2.3}{Info-bulles et chargement paresseux}{section.9.2}% 93
\BOOKMARK [2][-]{subsection.9.2.4}{Panneau de filtres et recherche}{section.9.2}% 94
\BOOKMARK [1][-]{section.9.3}{Outil Probl\350mes}{chapter.9}% 95
\BOOKMARK [1][-]{section.9.4}{Donn\351es persistantes}{chapter.9}% 96
\BOOKMARK [1][-]{section.9.5}{Rapports et instantan\351s}{chapter.9}% 97
\BOOKMARK [1][-]{section.9.6}{Liaison avec le backend \(rappel Chap. 8\)}{chapter.9}% 98
\BOOKMARK [0][-]{chapter.10}{Chapitre 10: Syst\350me d'authentification s\351curis\351}{}% 99
\BOOKMARK [1][-]{section.10.1}{Objectifs}{chapter.10}% 100
\BOOKMARK [1][-]{section.10.2}{Aper\347u de l'architecture}{chapter.10}% 101
\BOOKMARK [2][-]{subsection.10.2.1}{Composants}{section.10.2}% 102
\BOOKMARK [1][-]{section.10.3}{Mod\350le de donn\351es \(auth\137db\)}{chapter.10}% 103
\BOOKMARK [2][-]{subsection.10.3.1}{Parcours utilisateur et impact sur les donn\351es}{section.10.3}% 104
\BOOKMARK [1][-]{section.10.4}{S\351curit\351 op\351rationnelle}{chapter.10}% 105
\BOOKMARK [1][-]{section.10.5}{S\351curit\351 des donn\351es lors des mises \340 jour}{chapter.10}% 106
\BOOKMARK [1][-]{section.10.6}{Pistes de durcissement}{chapter.10}% 107
\BOOKMARK [0][-]{chapter.11}{Chapitre 11: \311valuation de la s\351curit\351 de l'application}{}% 108
\BOOKMARK [1][-]{section.11.1}{P\351rim\350tre et surface d'attaque}{chapter.11}% 109
\BOOKMARK [1][-]{section.11.2}{Contr\364les en place \(aper\347u technique\)}{chapter.11}% 110
\BOOKMARK [1][-]{section.11.3}{Sc\351narios d'attaque et d\351roul\351}{chapter.11}% 111
\BOOKMARK [1][-]{section.11.4}{Calibrage et limites actuelles}{chapter.11}% 112
\BOOKMARK [1][-]{section.11.5}{Am\351liorations et vecteurs non encore couverts}{chapter.11}% 113
\BOOKMARK [1][-]{section.11.6}{Conclusion}{chapter.11}% 114
\BOOKMARK [0][-]{chapter.12}{Chapitre 12 : Dockerisation and repo files}{}% 115
\BOOKMARK [1][-]{section.12.1}{Pourquoi dockeriser ?}{chapter.12}% 116
\BOOKMARK [1][-]{section.12.2}{Les quatre pi\350ces du puzzle}{chapter.12}% 117
\BOOKMARK [1][-]{section.12.3}{Aper\347u}{chapter.12}% 118
\BOOKMARK [1][-]{section.12.4}{L'orchestration: docker-compose.yml}{chapter.12}% 119
\BOOKMARK [1][-]{section.12.5}{L'image: dockerfile}{chapter.12}% 120
\BOOKMARK [1][-]{section.12.6}{Le chef d'orchestre: entrypoint.sh}{chapter.12}% 121
\BOOKMARK [1][-]{section.12.7}{D\351marrer en 30 secondes}{chapter.12}% 122
\BOOKMARK [1][-]{section.12.8}{Personnaliser par variables d'environnement}{chapter.12}% 123
\BOOKMARK [1][-]{section.12.9}{Persistance et poids d'image}{chapter.12}% 124
\BOOKMARK [1][-]{section.12.10}{Recettes de diagnostic}{chapter.12}% 125
\BOOKMARK [1][-]{section.12.11}{Bonnes pratiques et s\351curit\351}{chapter.12}% 126
\BOOKMARK [1][-]{section.12.12}{R\351flexion et am\351liorations possibles}{chapter.12}% 127
\BOOKMARK [0][-]{chapter*.72}{Conclusion}{}% 128
\BOOKMARK [0][-]{chapter*.73}{R\351f\351rences documentaires}{}% 129
